<?xml version="1.0" encoding="UTF-8"?>
<testng-results ignored="1" total="2" passed="1" failed="0" skipped="0">
  <reporter-output>
  </reporter-output>
  <suite started-at="2023-06-20T16:00:25 IST" name="Default suite" finished-at="2023-06-20T16:04:32 IST" duration-ms="246523">
    <groups>
    </groups>
    <test started-at="2023-06-20T16:00:25 IST" name="Default test" finished-at="2023-06-20T16:04:32 IST" duration-ms="246523">
      <class name="InvoiceTest1.IFFInvoiceTest1">
        <test-method is-config="true" signature="setup()[pri:0, instance:InvoiceTest1.IFFInvoiceTest1@67a20f67]" started-at="2023-06-20T16:00:25 IST" name="setup" finished-at="2023-06-20T16:00:57 IST" duration-ms="31778" status="PASS">
          <reporter-output>
          </reporter-output>
        </test-method> <!-- setup -->
        <test-method signature="data()[pri:0, instance:InvoiceTest1.IFFInvoiceTest1@67a20f67]" started-at="2023-06-20T16:00:57 IST" name="data" finished-at="2023-06-20T16:04:32 IST" duration-ms="214702" status="PASS">
          <reporter-output>
          </reporter-output>
        </test-method> <!-- data -->
        <test-method is-config="true" signature="exit()[pri:0, instance:InvoiceTest1.IFFInvoiceTest1@67a20f67]" started-at="2023-06-20T16:04:32 IST" name="exit" finished-at="2023-06-20T16:04:32 IST" duration-ms="1" status="PASS">
          <reporter-output>
          </reporter-output>
        </test-method> <!-- exit -->
      </class> <!-- InvoiceTest1.IFFInvoiceTest1 -->
    </test> <!-- Default test -->
  </suite> <!-- Default suite -->
</testng-results>
